<?xml version="1.0" encoding="UTF-8"?>
<!-- Generated by org.testng.reporters.JUnitReportReporter -->
<testsuite hostname="DESKTOP-5TOK6QG" failures="0" tests="1" name="tests.Buy" time="19.093" errors="0" timestamp="2021-11-09T20:33:16 BDT" skipped="0">
  <testcase classname="tests.Buy" name="buySection" time="19.093"/>
  <system-out/>
</testsuite> <!-- tests.Buy -->
