<?xml version="1.0" encoding="UTF-8"?>
<!-- Generated by org.testng.reporters.JUnitReportReporter -->
<testsuite hostname="DESKTOP-5TOK6QG" failures="0" tests="1" name="tests.RegistrationTest" time="10.188" errors="0" timestamp="2021-11-09T20:33:16 BDT" skipped="0">
  <testcase classname="tests.RegistrationTest" name="registrationTest" time="10.188"/>
  <system-out/>
</testsuite> <!-- tests.RegistrationTest -->
