<?xml version="1.0" encoding="UTF-8"?>
<!-- Generated by org.testng.reporters.JUnitReportReporter -->
<testsuite hostname="DESKTOP-5TOK6QG" failures="0" tests="1" name="tests.HomePageTest" time="1.017" errors="0" timestamp="2021-11-09T20:33:16 BDT" skipped="0">
  <testcase classname="tests.HomePageTest" name="homePageTest" time="1.017"/>
  <system-out/>
</testsuite> <!-- tests.HomePageTest -->
