<?xml version="1.0" encoding="UTF-8"?>
<!-- Generated by org.testng.reporters.JUnitReportReporter -->
<testsuite hostname="DESKTOP-5TOK6QG" failures="0" tests="11" name="tests.HomePageElements" time="56.346" errors="0" timestamp="2021-11-09T20:33:16 BDT" skipped="0">
  <testcase classname="tests.HomePageElements" name="dailyDealsTest" time="4.004"/>
  <system-out/>
  <testcase classname="tests.HomePageElements" name="helpAndContact" time="6.181"/>
  <system-out/>
  <testcase classname="tests.HomePageElements" name="sellTest" time="3.741"/>
  <system-out/>
  <testcase classname="tests.HomePageElements" name="electronicsTest" time="5.938"/>
  <system-out/>
  <testcase classname="tests.HomePageElements" name="fashionTest" time="4.600"/>
  <system-out/>
  <testcase classname="tests.HomePageElements" name="healthAndBeautyTest" time="4.547"/>
  <system-out/>
  <testcase classname="tests.HomePageElements" name="homeAndGardenTest" time="4.546"/>
  <system-out/>
  <testcase classname="tests.HomePageElements" name="sportsTest" time="5.774"/>
  <system-out/>
  <testcase classname="tests.HomePageElements" name="collectiblesAndArtPageTest" time="4.501"/>
  <system-out/>
  <testcase classname="tests.HomePageElements" name="industrialEquipmentPageTest" time="4.510"/>
  <system-out/>
  <testcase classname="tests.HomePageElements" name="motorsPageTest" time="8.004"/>
  <system-out/>
</testsuite> <!-- tests.HomePageElements -->
