<?xml version="1.0" encoding="UTF-8"?>
<!-- Generated by org.testng.reporters.JUnitReportReporter -->
<testsuite hostname="DESKTOP-5TOK6QG" failures="0" tests="7" name="tests.PopularCategories" time="64.738" errors="0" timestamp="2021-11-09T20:33:16 BDT" skipped="0">
  <testcase classname="tests.PopularCategories" name="sneakersTest" time="4.022"/>
  <system-out/>
  <testcase classname="tests.PopularCategories" name="koreanBeauty" time="4.559"/>
  <system-out/>
  <testcase classname="tests.PopularCategories" name="wristWatches" time="6.136"/>
  <system-out/>
  <testcase classname="tests.PopularCategories" name="fishing" time="6.399"/>
  <system-out/>
  <testcase classname="tests.PopularCategories" name="collectibles" time="4.287"/>
  <system-out/>
  <testcase classname="tests.PopularCategories" name="smartPhones" time="4.571"/>
  <system-out/>
  <testcase classname="tests.PopularCategories" name="popularSell" time="34.764"/>
  <system-out/>
</testsuite> <!-- tests.PopularCategories -->
