<?xml version="1.0" encoding="UTF-8"?>
<!-- Generated by org.testng.reporters.JUnitReportReporter -->
<testsuite hostname="DESKTOP-5TOK6QG" failures="0" tests="2" name="tests.SearchProducts" time="9.267" errors="0" timestamp="2021-11-09T20:33:16 BDT" skipped="0">
  <testcase classname="tests.SearchProducts" name="searchFromSearchBoxTest" time="6.381"/>
  <system-out/>
  <testcase classname="tests.SearchProducts" name="selectFromCategory" time="2.886"/>
  <system-out/>
</testsuite> <!-- tests.SearchProducts -->
