<?xml version="1.0" encoding="UTF-8"?>
<!-- Generated by org.testng.reporters.JUnitReportReporter -->
<testsuite hostname="DESKTOP-5TOK6QG" failures="0" tests="3" name="tests.Sell" time="14.716" errors="0" timestamp="2021-11-09T20:33:16 BDT" skipped="0">
  <testcase classname="tests.Sell" name="startSellingTest" time="3.352"/>
  <system-out/>
  <testcase classname="tests.Sell" name="learnToSell" time="6.480"/>
  <system-out/>
  <testcase classname="tests.Sell" name="affiliatesTest" time="4.884"/>
  <system-out/>
</testsuite> <!-- tests.Sell -->
